

Started GET "/assets/rails.png" for 127.0.0.1 at 2016-02-05 14:32:49 +0530
Connecting to database specified by database.yml
Served asset /rails.png - 200 OK (5ms)
Connecting to database specified by database.yml
Connecting to database specified by database.yml
  [1m[36m (0.1ms)[0m  [1mselect sqlite_version(*)[0m
  [1m[35m (124.3ms)[0m  CREATE TABLE "schema_migrations" ("version" varchar(255) NOT NULL) 
  [1m[36m (99.2ms)[0m  [1mCREATE UNIQUE INDEX "unique_schema_migrations" ON "schema_migrations" ("version")[0m
  [1m[35m (2.9ms)[0m  SELECT "schema_migrations"."version" FROM "schema_migrations" 
Migrating to CreatePosts (20160205090418)
  [1m[36m (0.1ms)[0m  [1mbegin transaction[0m
  [1m[35m (1.0ms)[0m  CREATE TABLE "posts" ("id" INTEGER PRIMARY KEY AUTOINCREMENT NOT NULL, "title" varchar(255), "body" text, "created_at" datetime NOT NULL, "updated_at" datetime NOT NULL) 
  [1m[36m (0.3ms)[0m  [1mINSERT INTO "schema_migrations" ("version") VALUES ('20160205090418')[0m
  [1m[35m (98.7ms)[0m  commit transaction
  [1m[36m (0.3ms)[0m  [1mSELECT "schema_migrations"."version" FROM "schema_migrations" [0m


Started GET "/posts" for 127.0.0.1 at 2016-02-05 14:35:39 +0530
Connecting to database specified by database.yml
Processing by PostsController#index as HTML
  [1m[36mPost Load (0.1ms)[0m  [1mSELECT "posts".* FROM "posts" [0m
  Rendered posts/index.html.erb within layouts/application (3.5ms)
Warning. Error encountered while saving cache /home/mugunth/blogapp/tmp/cache/sass/0252cd1da00892d6e6a6488fe7a36fb39592e83c/posts.css.scssc: can't dump anonymous class #<Class:0x968a2dc>
Compiled posts.css  (4ms)  (pid 2897)
Warning. Error encountered while saving cache /home/mugunth/blogapp/tmp/cache/sass/0252cd1da00892d6e6a6488fe7a36fb39592e83c/scaffolds.css.scssc: can't dump anonymous class #<Class:0x968a2dc>
Compiled scaffolds.css  (12ms)  (pid 2897)
Compiled application.css  (30ms)  (pid 2897)
Compiled jquery.js  (20ms)  (pid 2897)
Compiled jquery_ujs.js  (0ms)  (pid 2897)
Compiled posts.js  (339ms)  (pid 2897)
Compiled application.js  (391ms)  (pid 2897)
Completed 200 OK in 526.1ms (Views: 488.1ms | ActiveRecord: 2.3ms)


Started GET "/assets/application.css?body=1" for 127.0.0.1 at 2016-02-05 14:35:40 +0530
Served asset /application.css - 304 Not Modified (22ms)


Started GET "/assets/jquery.js?body=1" for 127.0.0.1 at 2016-02-05 14:35:40 +0530
Served asset /jquery.js - 304 Not Modified (5ms)


Started GET "/assets/jquery_ujs.js?body=1" for 127.0.0.1 at 2016-02-05 14:35:40 +0530
Served asset /jquery_ujs.js - 304 Not Modified (2ms)


Started GET "/assets/scaffolds.css?body=1" for 127.0.0.1 at 2016-02-05 14:35:40 +0530
Served asset /scaffolds.css - 304 Not Modified (20ms)


Started GET "/assets/posts.css?body=1" for 127.0.0.1 at 2016-02-05 14:35:40 +0530
Served asset /posts.css - 304 Not Modified (1ms)


Started GET "/assets/posts.js?body=1" for 127.0.0.1 at 2016-02-05 14:35:40 +0530
Served asset /posts.js - 304 Not Modified (1ms)


Started GET "/assets/application.js?body=1" for 127.0.0.1 at 2016-02-05 14:35:40 +0530
Served asset /application.js - 304 Not Modified (6ms)


Started GET "/posts/new" for 127.0.0.1 at 2016-02-05 14:35:42 +0530
Processing by PostsController#new as HTML
  Rendered posts/_form.html.erb (9.4ms)
  Rendered posts/new.html.erb within layouts/application (14.9ms)
Completed 200 OK in 29.5ms (Views: 19.6ms | ActiveRecord: 0.0ms)


Started GET "/assets/application.css?body=1" for 127.0.0.1 at 2016-02-05 14:35:42 +0530
Served asset /application.css - 304 Not Modified (4ms)


Started GET "/assets/jquery.js?body=1" for 127.0.0.1 at 2016-02-05 14:35:42 +0530
Served asset /jquery.js - 304 Not Modified (3ms)


Started GET "/assets/posts.css?body=1" for 127.0.0.1 at 2016-02-05 14:35:42 +0530
Served asset /posts.css - 304 Not Modified (0ms)


Started GET "/assets/scaffolds.css?body=1" for 127.0.0.1 at 2016-02-05 14:35:42 +0530
Served asset /scaffolds.css - 304 Not Modified (0ms)


Started GET "/assets/jquery_ujs.js?body=1" for 127.0.0.1 at 2016-02-05 14:35:42 +0530
Served asset /jquery_ujs.js - 304 Not Modified (0ms)


Started GET "/assets/posts.js?body=1" for 127.0.0.1 at 2016-02-05 14:35:42 +0530
Served asset /posts.js - 304 Not Modified (0ms)


Started GET "/assets/application.js?body=1" for 127.0.0.1 at 2016-02-05 14:35:42 +0530
Served asset /application.js - 304 Not Modified (1ms)


Started POST "/posts" for 127.0.0.1 at 2016-02-05 14:39:47 +0530
Processing by PostsController#create as HTML
  Parameters: {"utf8"=>"✓", "authenticity_token"=>"tt1jk6+GGfJAyvK0DR9CwPDvnoEdUUIsCv05kfbkuTI=", "post"=>{"title"=>"MY LIFE", "body"=>"I have something to say, do you have time to listen."}, "commit"=>"Create Post"}
  [1m[35m (0.2ms)[0m  begin transaction
  [1m[36mSQL (137.9ms)[0m  [1mINSERT INTO "posts" ("body", "created_at", "title", "updated_at") VALUES (?, ?, ?, ?)[0m  [["body", "I have something to say, do you have time to listen."], ["created_at", Fri, 05 Feb 2016 09:09:47 UTC +00:00], ["title", "MY LIFE"], ["updated_at", Fri, 05 Feb 2016 09:09:47 UTC +00:00]]
  [1m[35m (116.6ms)[0m  commit transaction
Redirected to http://localhost:3000/posts/1
Completed 302 Found in 262.9ms (ActiveRecord: 254.6ms)


Started GET "/posts/1" for 127.0.0.1 at 2016-02-05 14:39:47 +0530
Processing by PostsController#show as HTML
  Parameters: {"id"=>"1"}
  [1m[36mPost Load (0.5ms)[0m  [1mSELECT "posts".* FROM "posts" WHERE "posts"."id" = ? LIMIT 1[0m  [["id", "1"]]
  Rendered posts/show.html.erb within layouts/application (4.2ms)
Completed 200 OK in 20.4ms (Views: 15.4ms | ActiveRecord: 0.5ms)


Started GET "/assets/application.css?body=1" for 127.0.0.1 at 2016-02-05 14:39:47 +0530
Served asset /application.css - 304 Not Modified (10ms)


Started GET "/assets/posts.css?body=1" for 127.0.0.1 at 2016-02-05 14:39:47 +0530
Served asset /posts.css - 304 Not Modified (0ms)


Started GET "/assets/jquery_ujs.js?body=1" for 127.0.0.1 at 2016-02-05 14:39:47 +0530
Served asset /jquery_ujs.js - 304 Not Modified (0ms)


Started GET "/assets/posts.js?body=1" for 127.0.0.1 at 2016-02-05 14:39:47 +0530
Served asset /posts.js - 304 Not Modified (0ms)


Started GET "/assets/jquery.js?body=1" for 127.0.0.1 at 2016-02-05 14:39:47 +0530
Served asset /jquery.js - 304 Not Modified (3ms)


Started GET "/assets/scaffolds.css?body=1" for 127.0.0.1 at 2016-02-05 14:39:48 +0530
Served asset /scaffolds.css - 304 Not Modified (0ms)


Started GET "/assets/application.js?body=1" for 127.0.0.1 at 2016-02-05 14:39:48 +0530
Served asset /application.js - 304 Not Modified (1ms)
Connecting to database specified by database.yml
  [1m[36m (1.2ms)[0m  [1mSELECT "schema_migrations"."version" FROM "schema_migrations" [0m
Migrating to CreatePosts (20160205090418)
  [1m[35m (0.1ms)[0m  select sqlite_version(*)
  [1m[36m (0.1ms)[0m  [1mSELECT "schema_migrations"."version" FROM "schema_migrations" [0m


Started GET "/posts" for 127.0.0.1 at 2016-02-05 14:57:04 +0530
Connecting to database specified by database.yml
Processing by PostsController#index as HTML
  [1m[36mPost Load (0.1ms)[0m  [1mSELECT "posts".* FROM "posts" [0m
  Rendered posts/index.html.erb within layouts/application (21.6ms)
Completed 200 OK in 114.4ms (Views: 52.2ms | ActiveRecord: 17.6ms)


Started GET "/assets/application.css?body=1" for 127.0.0.1 at 2016-02-05 14:57:04 +0530
Served asset /application.css - 304 Not Modified (10ms)


Started GET "/assets/posts.css?body=1" for 127.0.0.1 at 2016-02-05 14:57:04 +0530
Served asset /posts.css - 304 Not Modified (3ms)


Started GET "/assets/application.js?body=1" for 127.0.0.1 at 2016-02-05 14:57:04 +0530
Served asset /application.js - 304 Not Modified (19ms)


Started GET "/assets/posts.js?body=1" for 127.0.0.1 at 2016-02-05 14:57:04 +0530
Served asset /posts.js - 304 Not Modified (3ms)


Started GET "/assets/jquery.js?body=1" for 127.0.0.1 at 2016-02-05 14:57:04 +0530
Served asset /jquery.js - 304 Not Modified (3ms)


Started GET "/assets/scaffolds.css?body=1" for 127.0.0.1 at 2016-02-05 14:57:04 +0530
Served asset /scaffolds.css - 304 Not Modified (3ms)


Started GET "/assets/jquery_ujs.js?body=1" for 127.0.0.1 at 2016-02-05 14:57:04 +0530
Served asset /jquery_ujs.js - 304 Not Modified (3ms)


Started GET "/posts/new" for 127.0.0.1 at 2016-02-05 14:57:30 +0530
Processing by PostsController#new as HTML
  Rendered posts/_form.html.erb (9.5ms)
  Rendered posts/new.html.erb within layouts/application (36.8ms)
Completed 200 OK in 44.6ms (Views: 43.7ms | ActiveRecord: 0.0ms)


Started GET "/assets/application.css?body=1" for 127.0.0.1 at 2016-02-05 14:57:30 +0530
Served asset /application.css - 304 Not Modified (0ms)


Started GET "/assets/posts.js?body=1" for 127.0.0.1 at 2016-02-05 14:57:30 +0530
Served asset /posts.js - 304 Not Modified (0ms)


Started GET "/assets/jquery_ujs.js?body=1" for 127.0.0.1 at 2016-02-05 14:57:30 +0530
Served asset /jquery_ujs.js - 304 Not Modified (0ms)


Started GET "/assets/scaffolds.css?body=1" for 127.0.0.1 at 2016-02-05 14:57:30 +0530
Served asset /scaffolds.css - 304 Not Modified (0ms)


Started GET "/assets/jquery.js?body=1" for 127.0.0.1 at 2016-02-05 14:57:30 +0530
Served asset /jquery.js - 304 Not Modified (1ms)


Started GET "/assets/application.js?body=1" for 127.0.0.1 at 2016-02-05 14:57:30 +0530
Served asset /application.js - 304 Not Modified (1ms)


Started GET "/assets/posts.css?body=1" for 127.0.0.1 at 2016-02-05 14:57:30 +0530
Served asset /posts.css - 304 Not Modified (0ms)


Started POST "/posts" for 127.0.0.1 at 2016-02-05 14:57:44 +0530
Processing by PostsController#create as HTML
  Parameters: {"utf8"=>"✓", "authenticity_token"=>"tt1jk6+GGfJAyvK0DR9CwPDvnoEdUUIsCv05kfbkuTI=", "post"=>{"title"=>"", "body"=>"tfjrtjrtrt"}, "commit"=>"Create Post"}
  [1m[35m (0.1ms)[0m  begin transaction
  [1m[36m (0.1ms)[0m  [1mrollback transaction[0m
  Rendered posts/_form.html.erb (5.9ms)
  Rendered posts/new.html.erb within layouts/application (7.5ms)
Completed 200 OK in 25.0ms (Views: 18.2ms | ActiveRecord: 0.3ms)


Started GET "/assets/application.css?body=1" for 127.0.0.1 at 2016-02-05 14:57:44 +0530
Served asset /application.css - 304 Not Modified (4ms)


Started GET "/assets/posts.css?body=1" for 127.0.0.1 at 2016-02-05 14:57:44 +0530
Served asset /posts.css - 304 Not Modified (0ms)


Started GET "/assets/scaffolds.css?body=1" for 127.0.0.1 at 2016-02-05 14:57:44 +0530
Served asset /scaffolds.css - 304 Not Modified (0ms)


Started GET "/assets/posts.js?body=1" for 127.0.0.1 at 2016-02-05 14:57:44 +0530
Served asset /posts.js - 304 Not Modified (0ms)


Started GET "/assets/jquery.js?body=1" for 127.0.0.1 at 2016-02-05 14:57:44 +0530
Served asset /jquery.js - 304 Not Modified (2ms)


Started GET "/assets/jquery_ujs.js?body=1" for 127.0.0.1 at 2016-02-05 14:57:44 +0530
Served asset /jquery_ujs.js - 304 Not Modified (0ms)


Started GET "/assets/application.js?body=1" for 127.0.0.1 at 2016-02-05 14:57:44 +0530
Served asset /application.js - 304 Not Modified (2ms)


Started GET "/posts/1" for 127.0.0.1 at 2016-02-05 14:59:15 +0530
Processing by PostsController#show as HTML
  Parameters: {"id"=>"1"}
  [1m[35mPost Load (0.3ms)[0m  SELECT "posts".* FROM "posts" WHERE "posts"."id" = ? LIMIT 1  [["id", "1"]]
  Rendered posts/show.html.erb within layouts/application (2.3ms)
Completed 200 OK in 12.9ms (Views: 10.2ms | ActiveRecord: 0.3ms)


Started GET "/assets/application.css?body=1" for 127.0.0.1 at 2016-02-05 14:59:15 +0530
Served asset /application.css - 304 Not Modified (0ms)


Started GET "/assets/posts.css?body=1" for 127.0.0.1 at 2016-02-05 14:59:15 +0530
Served asset /posts.css - 304 Not Modified (0ms)


Started GET "/assets/scaffolds.css?body=1" for 127.0.0.1 at 2016-02-05 14:59:15 +0530
Served asset /scaffolds.css - 304 Not Modified (0ms)


Started GET "/assets/jquery_ujs.js?body=1" for 127.0.0.1 at 2016-02-05 14:59:15 +0530
Served asset /jquery_ujs.js - 304 Not Modified (0ms)


Started GET "/assets/jquery.js?body=1" for 127.0.0.1 at 2016-02-05 14:59:15 +0530
Served asset /jquery.js - 304 Not Modified (1ms)


Started GET "/assets/application.js?body=1" for 127.0.0.1 at 2016-02-05 14:59:15 +0530
Served asset /application.js - 304 Not Modified (1ms)


Started GET "/assets/posts.js?body=1" for 127.0.0.1 at 2016-02-05 14:59:15 +0530
Served asset /posts.js - 304 Not Modified (22ms)


Started GET "/posts" for 127.0.0.1 at 2016-02-05 15:02:40 +0530
Processing by PostsController#index as HTML
  [1m[36mPost Load (0.3ms)[0m  [1mSELECT "posts".* FROM "posts" [0m
  Rendered posts/index.html.erb within layouts/application (2.4ms)
Completed 200 OK in 14.5ms (Views: 12.6ms | ActiveRecord: 0.3ms)


Started GET "/assets/application.css?body=1" for 127.0.0.1 at 2016-02-05 15:02:40 +0530
Served asset /application.css - 304 Not Modified (3ms)


Started GET "/assets/posts.css?body=1" for 127.0.0.1 at 2016-02-05 15:02:40 +0530
Served asset /posts.css - 304 Not Modified (0ms)


Started GET "/assets/application.js?body=1" for 127.0.0.1 at 2016-02-05 15:02:40 +0530
Served asset /application.js - 304 Not Modified (3ms)


Started GET "/assets/jquery.js?body=1" for 127.0.0.1 at 2016-02-05 15:02:41 +0530
Served asset /jquery.js - 304 Not Modified (4ms)


Started GET "/assets/scaffolds.css?body=1" for 127.0.0.1 at 2016-02-05 15:02:41 +0530
Served asset /scaffolds.css - 304 Not Modified (0ms)


Started GET "/assets/posts.js?body=1" for 127.0.0.1 at 2016-02-05 15:02:41 +0530
Served asset /posts.js - 304 Not Modified (0ms)


Started GET "/assets/jquery_ujs.js?body=1" for 127.0.0.1 at 2016-02-05 15:02:41 +0530
Served asset /jquery_ujs.js - 304 Not Modified (0ms)


Started GET "/posts" for 127.0.0.1 at 2016-02-05 15:02:42 +0530
Processing by PostsController#index as HTML
  [1m[35mPost Load (0.2ms)[0m  SELECT "posts".* FROM "posts" 
  Rendered posts/index.html.erb within layouts/application (2.1ms)
Completed 200 OK in 15.4ms (Views: 14.1ms | ActiveRecord: 0.2ms)


Started GET "/assets/application.css?body=1" for 127.0.0.1 at 2016-02-05 15:02:42 +0530
Served asset /application.css - 304 Not Modified (3ms)


Started GET "/assets/posts.css?body=1" for 127.0.0.1 at 2016-02-05 15:02:42 +0530
Served asset /posts.css - 304 Not Modified (0ms)


Started GET "/assets/scaffolds.css?body=1" for 127.0.0.1 at 2016-02-05 15:02:42 +0530
Served asset /scaffolds.css - 304 Not Modified (0ms)


Started GET "/assets/posts.js?body=1" for 127.0.0.1 at 2016-02-05 15:02:42 +0530
Served asset /posts.js - 304 Not Modified (0ms)


Started GET "/assets/jquery.js?body=1" for 127.0.0.1 at 2016-02-05 15:02:42 +0530
Served asset /jquery.js - 304 Not Modified (1ms)


Started GET "/assets/jquery_ujs.js?body=1" for 127.0.0.1 at 2016-02-05 15:02:42 +0530
Served asset /jquery_ujs.js - 304 Not Modified (0ms)


Started GET "/assets/application.js?body=1" for 127.0.0.1 at 2016-02-05 15:02:43 +0530
Served asset /application.js - 304 Not Modified (1ms)


Started GET "/posts/1" for 127.0.0.1 at 2016-02-05 15:02:45 +0530
Processing by PostsController#show as HTML
  Parameters: {"id"=>"1"}
  [1m[36mPost Load (0.1ms)[0m  [1mSELECT "posts".* FROM "posts" WHERE "posts"."id" = ? LIMIT 1[0m  [["id", "1"]]
  Rendered posts/show.html.erb within layouts/application (38.0ms)
Completed 200 OK in 45.3ms (Views: 44.1ms | ActiveRecord: 0.1ms)


Started GET "/assets/application.css?body=1" for 127.0.0.1 at 2016-02-05 15:02:45 +0530
Served asset /application.css - 304 Not Modified (0ms)


Started GET "/assets/posts.css?body=1" for 127.0.0.1 at 2016-02-05 15:02:45 +0530
Served asset /posts.css - 304 Not Modified (0ms)


Started GET "/assets/jquery.js?body=1" for 127.0.0.1 at 2016-02-05 15:02:45 +0530
Served asset /jquery.js - 304 Not Modified (19ms)


Started GET "/assets/application.js?body=1" for 127.0.0.1 at 2016-02-05 15:02:45 +0530
Served asset /application.js - 304 Not Modified (1ms)


Started GET "/assets/scaffolds.css?body=1" for 127.0.0.1 at 2016-02-05 15:02:45 +0530
Served asset /scaffolds.css - 304 Not Modified (0ms)


Started GET "/assets/posts.js?body=1" for 127.0.0.1 at 2016-02-05 15:02:45 +0530
Served asset /posts.js - 304 Not Modified (0ms)


Started GET "/assets/jquery_ujs.js?body=1" for 127.0.0.1 at 2016-02-05 15:02:45 +0530
Served asset /jquery_ujs.js - 304 Not Modified (0ms)
Connecting to database specified by database.yml
  [1m[36m (1.4ms)[0m  [1mSELECT "schema_migrations"."version" FROM "schema_migrations" [0m
Migrating to CreatePosts (20160205090418)
  [1m[35m (0.1ms)[0m  select sqlite_version(*)
  [1m[36m (0.1ms)[0m  [1mSELECT "schema_migrations"."version" FROM "schema_migrations" [0m


Started GET "/posts" for 127.0.0.1 at 2016-02-05 15:03:02 +0530
Connecting to database specified by database.yml
Processing by PostsController#index as HTML
  [1m[36mPost Load (0.1ms)[0m  [1mSELECT "posts".* FROM "posts" [0m
  Rendered posts/index.html.erb within layouts/application (5.4ms)
Completed 200 OK in 99.0ms (Views: 50.8ms | ActiveRecord: 2.2ms)


Started GET "/assets/application.css?body=1" for 127.0.0.1 at 2016-02-05 15:03:03 +0530
Served asset /application.css - 304 Not Modified (15ms)


Started GET "/assets/posts.css?body=1" for 127.0.0.1 at 2016-02-05 15:03:03 +0530
Served asset /posts.css - 304 Not Modified (2ms)


Started GET "/assets/scaffolds.css?body=1" for 127.0.0.1 at 2016-02-05 15:03:03 +0530
Served asset /scaffolds.css - 304 Not Modified (1ms)


Started GET "/assets/jquery.js?body=1" for 127.0.0.1 at 2016-02-05 15:03:03 +0530
Served asset /jquery.js - 304 Not Modified (4ms)


Started GET "/assets/posts.js?body=1" for 127.0.0.1 at 2016-02-05 15:03:03 +0530
Served asset /posts.js - 304 Not Modified (2ms)


Started GET "/assets/jquery_ujs.js?body=1" for 127.0.0.1 at 2016-02-05 15:03:03 +0530
Served asset /jquery_ujs.js - 304 Not Modified (4ms)


Started GET "/assets/application.js?body=1" for 127.0.0.1 at 2016-02-05 15:03:03 +0530
Served asset /application.js - 304 Not Modified (10ms)


Started GET "/posts" for 127.0.0.1 at 2016-02-05 15:03:05 +0530
Processing by PostsController#index as HTML
  [1m[35mPost Load (0.4ms)[0m  SELECT "posts".* FROM "posts" 
  Rendered posts/index.html.erb within layouts/application (3.8ms)
Completed 200 OK in 16.0ms (Views: 14.5ms | ActiveRecord: 0.4ms)


Started GET "/assets/application.css?body=1" for 127.0.0.1 at 2016-02-05 15:03:05 +0530
Served asset /application.css - 304 Not Modified (5ms)


Started GET "/assets/posts.css?body=1" for 127.0.0.1 at 2016-02-05 15:03:05 +0530
Served asset /posts.css - 304 Not Modified (0ms)


Started GET "/assets/scaffolds.css?body=1" for 127.0.0.1 at 2016-02-05 15:03:05 +0530
Served asset /scaffolds.css - 304 Not Modified (0ms)


Started GET "/assets/posts.js?body=1" for 127.0.0.1 at 2016-02-05 15:03:05 +0530
Served asset /posts.js - 304 Not Modified (0ms)


Started GET "/assets/jquery.js?body=1" for 127.0.0.1 at 2016-02-05 15:03:05 +0530
Served asset /jquery.js - 304 Not Modified (1ms)


Started GET "/assets/jquery_ujs.js?body=1" for 127.0.0.1 at 2016-02-05 15:03:05 +0530
Served asset /jquery_ujs.js - 304 Not Modified (0ms)


Started GET "/assets/application.js?body=1" for 127.0.0.1 at 2016-02-05 15:03:05 +0530
Served asset /application.js - 304 Not Modified (1ms)


Started GET "/posts" for 127.0.0.1 at 2016-02-05 15:03:53 +0530
Processing by PostsController#index as HTML
  [1m[36mPost Load (0.2ms)[0m  [1mSELECT "posts".* FROM "posts" [0m
  Rendered posts/index.html.erb within layouts/application (2.3ms)
Completed 200 OK in 13.0ms (Views: 12.1ms | ActiveRecord: 0.2ms)


Started GET "/assets/application.css?body=1" for 127.0.0.1 at 2016-02-05 15:03:53 +0530
Served asset /application.css - 304 Not Modified (8ms)


Started GET "/assets/jquery.js?body=1" for 127.0.0.1 at 2016-02-05 15:03:53 +0530
Served asset /jquery.js - 304 Not Modified (1ms)


Started GET "/assets/posts.css?body=1" for 127.0.0.1 at 2016-02-05 15:03:53 +0530
Served asset /posts.css - 304 Not Modified (0ms)


Started GET "/assets/scaffolds.css?body=1" for 127.0.0.1 at 2016-02-05 15:03:53 +0530
Served asset /scaffolds.css - 304 Not Modified (0ms)


Started GET "/assets/jquery_ujs.js?body=1" for 127.0.0.1 at 2016-02-05 15:03:54 +0530
Served asset /jquery_ujs.js - 304 Not Modified (0ms)


Started GET "/assets/posts.js?body=1" for 127.0.0.1 at 2016-02-05 15:03:54 +0530
Served asset /posts.js - 304 Not Modified (0ms)


Started GET "/assets/application.js?body=1" for 127.0.0.1 at 2016-02-05 15:03:54 +0530
Served asset /application.js - 304 Not Modified (1ms)


Started GET "/posts/new" for 127.0.0.1 at 2016-02-05 15:04:07 +0530
Processing by PostsController#new as HTML
  Rendered posts/_form.html.erb (11.2ms)
  Rendered posts/new.html.erb within layouts/application (19.7ms)
Completed 200 OK in 26.6ms (Views: 25.8ms | ActiveRecord: 0.0ms)


Started GET "/assets/application.css?body=1" for 127.0.0.1 at 2016-02-05 15:04:07 +0530
Served asset /application.css - 304 Not Modified (0ms)


Started GET "/assets/scaffolds.css?body=1" for 127.0.0.1 at 2016-02-05 15:04:07 +0530
Served asset /scaffolds.css - 304 Not Modified (0ms)


Started GET "/assets/application.js?body=1" for 127.0.0.1 at 2016-02-05 15:04:07 +0530
Served asset /application.js - 304 Not Modified (1ms)


Started GET "/assets/jquery.js?body=1" for 127.0.0.1 at 2016-02-05 15:04:07 +0530
Served asset /jquery.js - 304 Not Modified (1ms)


Started GET "/assets/jquery_ujs.js?body=1" for 127.0.0.1 at 2016-02-05 15:04:07 +0530
Served asset /jquery_ujs.js - 304 Not Modified (0ms)


Started GET "/assets/posts.css?body=1" for 127.0.0.1 at 2016-02-05 15:04:07 +0530
Served asset /posts.css - 304 Not Modified (0ms)


Started GET "/assets/posts.js?body=1" for 127.0.0.1 at 2016-02-05 15:04:07 +0530
Served asset /posts.js - 304 Not Modified (0ms)


Started GET "/posts" for 127.0.0.1 at 2016-02-05 15:07:12 +0530
Processing by PostsController#index as HTML
  [1m[35mPost Load (0.4ms)[0m  SELECT "posts".* FROM "posts" 
  Rendered posts/index.html.erb within layouts/application (2.5ms)
Completed 200 OK in 13.5ms (Views: 11.7ms | ActiveRecord: 0.4ms)


Started GET "/assets/application.css?body=1" for 127.0.0.1 at 2016-02-05 15:07:12 +0530
Served asset /application.css - 304 Not Modified (11ms)


Started GET "/assets/posts.css?body=1" for 127.0.0.1 at 2016-02-05 15:07:12 +0530
Served asset /posts.css - 304 Not Modified (0ms)


Started GET "/assets/scaffolds.css?body=1" for 127.0.0.1 at 2016-02-05 15:07:12 +0530
Served asset /scaffolds.css - 304 Not Modified (0ms)


Started GET "/assets/posts.js?body=1" for 127.0.0.1 at 2016-02-05 15:07:12 +0530
Served asset /posts.js - 304 Not Modified (0ms)


Started GET "/assets/jquery_ujs.js?body=1" for 127.0.0.1 at 2016-02-05 15:07:12 +0530
Served asset /jquery_ujs.js - 304 Not Modified (0ms)


Started GET "/assets/jquery.js?body=1" for 127.0.0.1 at 2016-02-05 15:07:12 +0530
Served asset /jquery.js - 304 Not Modified (1ms)


Started GET "/assets/application.js?body=1" for 127.0.0.1 at 2016-02-05 15:07:12 +0530
Served asset /application.js - 304 Not Modified (2ms)
Connecting to database specified by database.yml
  [1m[36m (1.2ms)[0m  [1mSELECT "schema_migrations"."version" FROM "schema_migrations" [0m
Migrating to CreatePosts (20160205090418)
  [1m[35m (0.1ms)[0m  select sqlite_version(*)
  [1m[36m (0.1ms)[0m  [1mSELECT "schema_migrations"."version" FROM "schema_migrations" [0m


Started GET "/posts" for 127.0.0.1 at 2016-02-05 15:07:30 +0530
Connecting to database specified by database.yml
Processing by PostsController#index as HTML
  [1m[36mPost Load (0.1ms)[0m  [1mSELECT "posts".* FROM "posts" [0m
  Rendered posts/index.html.erb within layouts/application (5.7ms)
Completed 200 OK in 95.2ms (Views: 49.9ms | ActiveRecord: 2.5ms)


Started GET "/assets/application.css?body=1" for 127.0.0.1 at 2016-02-05 15:07:31 +0530
Served asset /application.css - 304 Not Modified (14ms)


Started GET "/assets/jquery.js?body=1" for 127.0.0.1 at 2016-02-05 15:07:31 +0530
Served asset /jquery.js - 304 Not Modified (4ms)


Started GET "/assets/scaffolds.css?body=1" for 127.0.0.1 at 2016-02-05 15:07:31 +0530
Served asset /scaffolds.css - 304 Not Modified (1ms)


Started GET "/assets/posts.css?body=1" for 127.0.0.1 at 2016-02-05 15:07:31 +0530
Served asset /posts.css - 304 Not Modified (1ms)


Started GET "/assets/posts.js?body=1" for 127.0.0.1 at 2016-02-05 15:07:31 +0530
Served asset /posts.js - 304 Not Modified (1ms)


Started GET "/assets/jquery_ujs.js?body=1" for 127.0.0.1 at 2016-02-05 15:07:31 +0530
Served asset /jquery_ujs.js - 304 Not Modified (2ms)


Started GET "/assets/application.js?body=1" for 127.0.0.1 at 2016-02-05 15:07:31 +0530
Served asset /application.js - 304 Not Modified (10ms)
Connecting to database specified by database.yml
  [1m[36m (1.2ms)[0m  [1mSELECT "schema_migrations"."version" FROM "schema_migrations" [0m
Migrating to CreatePosts (20160205090418)
  [1m[35m (0.1ms)[0m  select sqlite_version(*)
  [1m[36m (0.1ms)[0m  [1mSELECT "schema_migrations"."version" FROM "schema_migrations" [0m


Started GET "/posts" for 127.0.0.1 at 2016-02-05 16:33:12 +0530
Connecting to database specified by database.yml
Processing by PostsController#index as HTML
  [1m[36mPost Load (0.1ms)[0m  [1mSELECT "posts".* FROM "posts" [0m
  Rendered posts/_post.html.erb (19.5ms)
  Rendered posts/index.html.erb within layouts/application (26.1ms)
Completed 500 Internal Server Error in 94.2ms

ActionView::Template::Error (undefined method `title' for nil:NilClass):
    1:  <h2><%= link_to_unless_current @post.title, post %></h2>
    2:  <%= simple_format post.body %>
  app/views/posts/_post.html.erb:1:in `_app_views_posts__post_html_erb___329519285_75784730'
  app/views/posts/index.html.erb:3:in `_app_views_posts_index_html_erb__406743267_72505130'
  app/controllers/posts_controller.rb:8:in `index'


  Rendered /var/lib/gems/1.9.1/gems/actionpack-3.2.16/lib/action_dispatch/middleware/templates/rescues/_trace.erb (1.8ms)
  Rendered /var/lib/gems/1.9.1/gems/actionpack-3.2.16/lib/action_dispatch/middleware/templates/rescues/_request_and_response.erb (1.2ms)
  Rendered /var/lib/gems/1.9.1/gems/actionpack-3.2.16/lib/action_dispatch/middleware/templates/rescues/template_error.erb within rescues/layout (10.3ms)
Connecting to database specified by database.yml
  [1m[36m (1.2ms)[0m  [1mSELECT "schema_migrations"."version" FROM "schema_migrations" [0m
Migrating to CreatePosts (20160205090418)
  [1m[35m (0.1ms)[0m  select sqlite_version(*)
  [1m[36m (0.1ms)[0m  [1mSELECT "schema_migrations"."version" FROM "schema_migrations" [0m


Started GET "/posts" for 127.0.0.1 at 2016-02-05 16:36:09 +0530
Connecting to database specified by database.yml
Processing by PostsController#index as HTML
  [1m[36mPost Load (0.1ms)[0m  [1mSELECT "posts".* FROM "posts" [0m
  Rendered posts/_post.html.erb (5.4ms)
  Rendered posts/index.html.erb within layouts/application (26.9ms)
Completed 500 Internal Server Error in 98.3ms

ActionView::Template::Error (undefined method `title' for nil:NilClass):
    1:  <h2><%= link_to_unless_current @post.title, @post %></h2>
    2:  <%= simple_format @post.body %>
  app/views/posts/_post.html.erb:1:in `_app_views_posts__post_html_erb___395930928_80479390'
  app/views/posts/index.html.erb:3:in `_app_views_posts_index_html_erb___17999329__621126528'
  app/controllers/posts_controller.rb:8:in `index'


  Rendered /var/lib/gems/1.9.1/gems/actionpack-3.2.16/lib/action_dispatch/middleware/templates/rescues/_trace.erb (1.7ms)
  Rendered /var/lib/gems/1.9.1/gems/actionpack-3.2.16/lib/action_dispatch/middleware/templates/rescues/_request_and_response.erb (1.2ms)
  Rendered /var/lib/gems/1.9.1/gems/actionpack-3.2.16/lib/action_dispatch/middleware/templates/rescues/template_error.erb within rescues/layout (10.1ms)


Started GET "/posts" for 127.0.0.1 at 2016-02-05 16:36:11 +0530
Processing by PostsController#index as HTML
  [1m[35mPost Load (0.4ms)[0m  SELECT "posts".* FROM "posts" 
  Rendered posts/_post.html.erb (1.1ms)
  Rendered posts/index.html.erb within layouts/application (2.2ms)
Completed 500 Internal Server Error in 7.2ms

ActionView::Template::Error (undefined method `title' for nil:NilClass):
    1:  <h2><%= link_to_unless_current @post.title, @post %></h2>
    2:  <%= simple_format @post.body %>
  app/views/posts/_post.html.erb:1:in `_app_views_posts__post_html_erb___395930928_80479390'
  app/views/posts/index.html.erb:3:in `_app_views_posts_index_html_erb___17999329__621126528'
  app/controllers/posts_controller.rb:8:in `index'


  Rendered /var/lib/gems/1.9.1/gems/actionpack-3.2.16/lib/action_dispatch/middleware/templates/rescues/_trace.erb (2.4ms)
  Rendered /var/lib/gems/1.9.1/gems/actionpack-3.2.16/lib/action_dispatch/middleware/templates/rescues/_request_and_response.erb (1.5ms)
  Rendered /var/lib/gems/1.9.1/gems/actionpack-3.2.16/lib/action_dispatch/middleware/templates/rescues/template_error.erb within rescues/layout (14.5ms)


Started GET "/posts" for 127.0.0.1 at 2016-02-05 16:36:12 +0530
Processing by PostsController#index as HTML
  [1m[36mPost Load (0.4ms)[0m  [1mSELECT "posts".* FROM "posts" [0m
  Rendered posts/_post.html.erb (1.2ms)
  Rendered posts/index.html.erb within layouts/application (2.4ms)
Completed 500 Internal Server Error in 7.6ms

ActionView::Template::Error (undefined method `title' for nil:NilClass):
    1:  <h2><%= link_to_unless_current @post.title, @post %></h2>
    2:  <%= simple_format @post.body %>
  app/views/posts/_post.html.erb:1:in `_app_views_posts__post_html_erb___395930928_80479390'
  app/views/posts/index.html.erb:3:in `_app_views_posts_index_html_erb___17999329__621126528'
  app/controllers/posts_controller.rb:8:in `index'


  Rendered /var/lib/gems/1.9.1/gems/actionpack-3.2.16/lib/action_dispatch/middleware/templates/rescues/_trace.erb (2.5ms)
  Rendered /var/lib/gems/1.9.1/gems/actionpack-3.2.16/lib/action_dispatch/middleware/templates/rescues/_request_and_response.erb (1.6ms)
  Rendered /var/lib/gems/1.9.1/gems/actionpack-3.2.16/lib/action_dispatch/middleware/templates/rescues/template_error.erb within rescues/layout (14.7ms)


Started GET "/posts" for 127.0.0.1 at 2016-02-05 16:36:13 +0530
Processing by PostsController#index as HTML
  [1m[35mPost Load (0.4ms)[0m  SELECT "posts".* FROM "posts" 
  Rendered posts/_post.html.erb (1.0ms)
  Rendered posts/index.html.erb within layouts/application (2.2ms)
Completed 500 Internal Server Error in 7.4ms

ActionView::Template::Error (undefined method `title' for nil:NilClass):
    1:  <h2><%= link_to_unless_current @post.title, @post %></h2>
    2:  <%= simple_format @post.body %>
  app/views/posts/_post.html.erb:1:in `_app_views_posts__post_html_erb___395930928_80479390'
  app/views/posts/index.html.erb:3:in `_app_views_posts_index_html_erb___17999329__621126528'
  app/controllers/posts_controller.rb:8:in `index'


  Rendered /var/lib/gems/1.9.1/gems/actionpack-3.2.16/lib/action_dispatch/middleware/templates/rescues/_trace.erb (2.9ms)
  Rendered /var/lib/gems/1.9.1/gems/actionpack-3.2.16/lib/action_dispatch/middleware/templates/rescues/_request_and_response.erb (1.5ms)
  Rendered /var/lib/gems/1.9.1/gems/actionpack-3.2.16/lib/action_dispatch/middleware/templates/rescues/template_error.erb within rescues/layout (33.5ms)


Started GET "/posts" for 127.0.0.1 at 2016-02-05 16:36:14 +0530
Processing by PostsController#index as HTML
  [1m[36mPost Load (0.3ms)[0m  [1mSELECT "posts".* FROM "posts" [0m
  Rendered posts/_post.html.erb (1.0ms)
  Rendered posts/index.html.erb within layouts/application (2.0ms)
Completed 500 Internal Server Error in 6.0ms

ActionView::Template::Error (undefined method `title' for nil:NilClass):
    1:  <h2><%= link_to_unless_current @post.title, @post %></h2>
    2:  <%= simple_format @post.body %>
  app/views/posts/_post.html.erb:1:in `_app_views_posts__post_html_erb___395930928_80479390'
  app/views/posts/index.html.erb:3:in `_app_views_posts_index_html_erb___17999329__621126528'
  app/controllers/posts_controller.rb:8:in `index'


  Rendered /var/lib/gems/1.9.1/gems/actionpack-3.2.16/lib/action_dispatch/middleware/templates/rescues/_trace.erb (2.2ms)
  Rendered /var/lib/gems/1.9.1/gems/actionpack-3.2.16/lib/action_dispatch/middleware/templates/rescues/_request_and_response.erb (1.5ms)
  Rendered /var/lib/gems/1.9.1/gems/actionpack-3.2.16/lib/action_dispatch/middleware/templates/rescues/template_error.erb within rescues/layout (13.0ms)


Started GET "/posts" for 127.0.0.1 at 2016-02-05 16:36:15 +0530
Processing by PostsController#index as HTML
  [1m[35mPost Load (0.4ms)[0m  SELECT "posts".* FROM "posts" 
  Rendered posts/_post.html.erb (1.2ms)
  Rendered posts/index.html.erb within layouts/application (2.6ms)
Completed 500 Internal Server Error in 7.5ms

ActionView::Template::Error (undefined method `title' for nil:NilClass):
    1:  <h2><%= link_to_unless_current @post.title, @post %></h2>
    2:  <%= simple_format @post.body %>
  app/views/posts/_post.html.erb:1:in `_app_views_posts__post_html_erb___395930928_80479390'
  app/views/posts/index.html.erb:3:in `_app_views_posts_index_html_erb___17999329__621126528'
  app/controllers/posts_controller.rb:8:in `index'


  Rendered /var/lib/gems/1.9.1/gems/actionpack-3.2.16/lib/action_dispatch/middleware/templates/rescues/_trace.erb (2.3ms)
  Rendered /var/lib/gems/1.9.1/gems/actionpack-3.2.16/lib/action_dispatch/middleware/templates/rescues/_request_and_response.erb (1.5ms)
  Rendered /var/lib/gems/1.9.1/gems/actionpack-3.2.16/lib/action_dispatch/middleware/templates/rescues/template_error.erb within rescues/layout (13.4ms)


Started GET "/posts" for 127.0.0.1 at 2016-02-05 16:36:19 +0530
Processing by PostsController#index as HTML
  [1m[36mPost Load (0.5ms)[0m  [1mSELECT "posts".* FROM "posts" [0m
  Rendered posts/_post.html.erb (1.8ms)
  Rendered posts/index.html.erb within layouts/application (3.7ms)
Completed 500 Internal Server Error in 11.3ms

ActionView::Template::Error (undefined method `title' for nil:NilClass):
    1:  <h2><%= link_to_unless_current @post.title, @post %></h2>
    2:  <%= simple_format @post.body %>
  app/views/posts/_post.html.erb:1:in `_app_views_posts__post_html_erb___395930928_80479390'
  app/views/posts/index.html.erb:3:in `_app_views_posts_index_html_erb___17999329__621126528'
  app/controllers/posts_controller.rb:8:in `index'


  Rendered /var/lib/gems/1.9.1/gems/actionpack-3.2.16/lib/action_dispatch/middleware/templates/rescues/_trace.erb (2.4ms)
  Rendered /var/lib/gems/1.9.1/gems/actionpack-3.2.16/lib/action_dispatch/middleware/templates/rescues/_request_and_response.erb (1.7ms)
  Rendered /var/lib/gems/1.9.1/gems/actionpack-3.2.16/lib/action_dispatch/middleware/templates/rescues/template_error.erb within rescues/layout (15.3ms)


Started GET "/posts" for 127.0.0.1 at 2016-02-05 16:36:20 +0530
Processing by PostsController#index as HTML
  [1m[35mPost Load (0.3ms)[0m  SELECT "posts".* FROM "posts" 
  Rendered posts/_post.html.erb (0.9ms)
  Rendered posts/index.html.erb within layouts/application (2.0ms)
Completed 500 Internal Server Error in 6.0ms

ActionView::Template::Error (undefined method `title' for nil:NilClass):
    1:  <h2><%= link_to_unless_current @post.title, @post %></h2>
    2:  <%= simple_format @post.body %>
  app/views/posts/_post.html.erb:1:in `_app_views_posts__post_html_erb___395930928_80479390'
  app/views/posts/index.html.erb:3:in `_app_views_posts_index_html_erb___17999329__621126528'
  app/controllers/posts_controller.rb:8:in `index'


  Rendered /var/lib/gems/1.9.1/gems/actionpack-3.2.16/lib/action_dispatch/middleware/templates/rescues/_trace.erb (1.8ms)
  Rendered /var/lib/gems/1.9.1/gems/actionpack-3.2.16/lib/action_dispatch/middleware/templates/rescues/_request_and_response.erb (1.3ms)
  Rendered /var/lib/gems/1.9.1/gems/actionpack-3.2.16/lib/action_dispatch/middleware/templates/rescues/template_error.erb within rescues/layout (11.8ms)


Started GET "/posts" for 127.0.0.1 at 2016-02-05 16:36:21 +0530
Processing by PostsController#index as HTML
  [1m[36mPost Load (0.3ms)[0m  [1mSELECT "posts".* FROM "posts" [0m
  Rendered posts/_post.html.erb (1.3ms)
  Rendered posts/index.html.erb within layouts/application (3.0ms)
Completed 500 Internal Server Error in 7.8ms

ActionView::Template::Error (undefined method `title' for nil:NilClass):
    1:  <h2><%= link_to_unless_current @post.title, @post %></h2>
    2:  <%= simple_format @post.body %>
  app/views/posts/_post.html.erb:1:in `_app_views_posts__post_html_erb___395930928_80479390'
  app/views/posts/index.html.erb:3:in `_app_views_posts_index_html_erb___17999329__621126528'
  app/controllers/posts_controller.rb:8:in `index'


  Rendered /var/lib/gems/1.9.1/gems/actionpack-3.2.16/lib/action_dispatch/middleware/templates/rescues/_trace.erb (2.5ms)
  Rendered /var/lib/gems/1.9.1/gems/actionpack-3.2.16/lib/action_dispatch/middleware/templates/rescues/_request_and_response.erb (1.6ms)
  Rendered /var/lib/gems/1.9.1/gems/actionpack-3.2.16/lib/action_dispatch/middleware/templates/rescues/template_error.erb within rescues/layout (14.6ms)
Connecting to database specified by database.yml
  [1m[36m (1.2ms)[0m  [1mSELECT "schema_migrations"."version" FROM "schema_migrations" [0m
Migrating to CreatePosts (20160205090418)
  [1m[35m (0.1ms)[0m  select sqlite_version(*)
  [1m[36m (0.1ms)[0m  [1mSELECT "schema_migrations"."version" FROM "schema_migrations" [0m


Started GET "/posts" for 127.0.0.1 at 2016-02-05 16:45:45 +0530
Connecting to database specified by database.yml
Processing by PostsController#index as HTML
  [1m[36mPost Load (0.1ms)[0m  [1mSELECT "posts".* FROM "posts" [0m
  Rendered posts/_post.html.erb (9.6ms)
  Rendered posts/index.html.erb within layouts/application (31.5ms)
Completed 200 OK in 117.6ms (Views: 58.4ms | ActiveRecord: 16.9ms)


Started GET "/assets/application.css?body=1" for 127.0.0.1 at 2016-02-05 16:45:45 +0530
Served asset /application.css - 304 Not Modified (38ms)


Started GET "/assets/jquery.js?body=1" for 127.0.0.1 at 2016-02-05 16:45:46 +0530
Served asset /jquery.js - 304 Not Modified (6ms)


Started GET "/assets/scaffolds.css?body=1" for 127.0.0.1 at 2016-02-05 16:45:46 +0530
Served asset /scaffolds.css - 304 Not Modified (2ms)


Started GET "/assets/posts.css?body=1" for 127.0.0.1 at 2016-02-05 16:45:46 +0530
Served asset /posts.css - 304 Not Modified (2ms)


Started GET "/assets/posts.js?body=1" for 127.0.0.1 at 2016-02-05 16:45:46 +0530
Served asset /posts.js - 304 Not Modified (5ms)


Started GET "/assets/jquery_ujs.js?body=1" for 127.0.0.1 at 2016-02-05 16:45:46 +0530
Served asset /jquery_ujs.js - 304 Not Modified (2ms)


Started GET "/assets/application.js?body=1" for 127.0.0.1 at 2016-02-05 16:45:46 +0530
Served asset /application.js - 304 Not Modified (6ms)


Started GET "/posts/new" for 127.0.0.1 at 2016-02-05 16:46:23 +0530
Processing by PostsController#new as HTML
Filter chain halted as :authenticate rendered or redirected
Completed 401 Unauthorized in 0.8ms (ActiveRecord: 0.0ms)


Started GET "/posts/new" for 127.0.0.1 at 2016-02-05 16:47:22 +0530
Processing by PostsController#new as HTML
Filter chain halted as :authenticate rendered or redirected
Completed 401 Unauthorized in 0.3ms (ActiveRecord: 0.0ms)


Started GET "/posts/new" for 127.0.0.1 at 2016-02-05 16:47:43 +0530
Processing by PostsController#new as HTML
  Rendered posts/_form.html.erb (10.4ms)
  Rendered posts/new.html.erb within layouts/application (12.4ms)
Completed 200 OK in 21.0ms (Views: 20.3ms | ActiveRecord: 0.0ms)


Started GET "/assets/application.css?body=1" for 127.0.0.1 at 2016-02-05 16:47:43 +0530
Served asset /application.css - 304 Not Modified (0ms)


Started GET "/assets/jquery.js?body=1" for 127.0.0.1 at 2016-02-05 16:47:43 +0530
Served asset /jquery.js - 304 Not Modified (12ms)


Started GET "/assets/jquery_ujs.js?body=1" for 127.0.0.1 at 2016-02-05 16:47:43 +0530
Served asset /jquery_ujs.js - 304 Not Modified (0ms)


Started GET "/assets/scaffolds.css?body=1" for 127.0.0.1 at 2016-02-05 16:47:43 +0530
Served asset /scaffolds.css - 304 Not Modified (0ms)


Started GET "/assets/application.js?body=1" for 127.0.0.1 at 2016-02-05 16:47:43 +0530
Served asset /application.js - 304 Not Modified (1ms)


Started GET "/assets/posts.js?body=1" for 127.0.0.1 at 2016-02-05 16:47:43 +0530
Served asset /posts.js - 304 Not Modified (0ms)


Started GET "/assets/posts.css?body=1" for 127.0.0.1 at 2016-02-05 16:47:43 +0530
Served asset /posts.css - 304 Not Modified (0ms)


Started GET "/posts" for 127.0.0.1 at 2016-02-05 16:47:49 +0530
Processing by PostsController#index as HTML
  [1m[35mPost Load (0.2ms)[0m  SELECT "posts".* FROM "posts" 
  Rendered posts/_post.html.erb (1.6ms)
  Rendered posts/index.html.erb within layouts/application (3.2ms)
Completed 200 OK in 11.2ms (Views: 9.7ms | ActiveRecord: 0.2ms)


Started GET "/assets/application.css?body=1" for 127.0.0.1 at 2016-02-05 16:47:49 +0530
Served asset /application.css - 304 Not Modified (0ms)


Started GET "/assets/posts.css?body=1" for 127.0.0.1 at 2016-02-05 16:47:49 +0530
Served asset /posts.css - 304 Not Modified (0ms)


Started GET "/assets/posts.js?body=1" for 127.0.0.1 at 2016-02-05 16:47:49 +0530
Served asset /posts.js - 304 Not Modified (3ms)


Started GET "/assets/application.js?body=1" for 127.0.0.1 at 2016-02-05 16:47:49 +0530
Served asset /application.js - 304 Not Modified (1ms)


Started GET "/assets/jquery_ujs.js?body=1" for 127.0.0.1 at 2016-02-05 16:47:49 +0530
Served asset /jquery_ujs.js - 304 Not Modified (0ms)


Started GET "/assets/jquery.js?body=1" for 127.0.0.1 at 2016-02-05 16:47:49 +0530
Served asset /jquery.js - 304 Not Modified (26ms)


Started GET "/assets/scaffolds.css?body=1" for 127.0.0.1 at 2016-02-05 16:47:49 +0530
Served asset /scaffolds.css - 304 Not Modified (0ms)


Started GET "/posts/new" for 127.0.0.1 at 2016-02-05 16:47:51 +0530
Processing by PostsController#new as HTML
  Rendered posts/_form.html.erb (2.5ms)
  Rendered posts/new.html.erb within layouts/application (3.5ms)
Completed 200 OK in 12.8ms (Views: 12.4ms | ActiveRecord: 0.0ms)


Started GET "/assets/application.css?body=1" for 127.0.0.1 at 2016-02-05 16:47:51 +0530
Served asset /application.css - 304 Not Modified (0ms)


Started GET "/assets/posts.css?body=1" for 127.0.0.1 at 2016-02-05 16:47:51 +0530
Served asset /posts.css - 304 Not Modified (5ms)


Started GET "/assets/jquery.js?body=1" for 127.0.0.1 at 2016-02-05 16:47:51 +0530
Served asset /jquery.js - 304 Not Modified (1ms)


Started GET "/assets/application.js?body=1" for 127.0.0.1 at 2016-02-05 16:47:51 +0530
Served asset /application.js - 304 Not Modified (1ms)


Started GET "/assets/posts.js?body=1" for 127.0.0.1 at 2016-02-05 16:47:51 +0530
Served asset /posts.js - 304 Not Modified (1ms)


Started GET "/assets/scaffolds.css?body=1" for 127.0.0.1 at 2016-02-05 16:47:51 +0530
Served asset /scaffolds.css - 304 Not Modified (0ms)


Started GET "/assets/jquery_ujs.js?body=1" for 127.0.0.1 at 2016-02-05 16:47:51 +0530
Served asset /jquery_ujs.js - 304 Not Modified (0ms)


Started GET "/posts/new" for 127.0.0.1 at 2016-02-05 16:47:54 +0530
Processing by PostsController#new as HTML
  Rendered posts/_form.html.erb (4.2ms)
  Rendered posts/new.html.erb within layouts/application (5.7ms)
Completed 200 OK in 15.7ms (Views: 15.2ms | ActiveRecord: 0.0ms)


Started GET "/assets/application.css?body=1" for 127.0.0.1 at 2016-02-05 16:47:54 +0530
Served asset /application.css - 304 Not Modified (0ms)


Started GET "/assets/posts.css?body=1" for 127.0.0.1 at 2016-02-05 16:47:54 +0530
Served asset /posts.css - 304 Not Modified (2ms)


Started GET "/assets/jquery.js?body=1" for 127.0.0.1 at 2016-02-05 16:47:54 +0530
Served asset /jquery.js - 304 Not Modified (1ms)


Started GET "/assets/scaffolds.css?body=1" for 127.0.0.1 at 2016-02-05 16:47:54 +0530
Served asset /scaffolds.css - 304 Not Modified (0ms)


Started GET "/assets/jquery_ujs.js?body=1" for 127.0.0.1 at 2016-02-05 16:47:54 +0530
Served asset /jquery_ujs.js - 304 Not Modified (0ms)


Started GET "/assets/posts.js?body=1" for 127.0.0.1 at 2016-02-05 16:47:54 +0530
Served asset /posts.js - 304 Not Modified (0ms)


Started GET "/assets/application.js?body=1" for 127.0.0.1 at 2016-02-05 16:47:54 +0530
Served asset /application.js - 304 Not Modified (1ms)


Started GET "/posts" for 127.0.0.1 at 2016-02-05 16:47:58 +0530
Processing by PostsController#index as HTML
  [1m[36mPost Load (0.3ms)[0m  [1mSELECT "posts".* FROM "posts" [0m
  Rendered posts/_post.html.erb (1.5ms)
  Rendered posts/index.html.erb within layouts/application (3.1ms)
Completed 200 OK in 15.9ms (Views: 13.9ms | ActiveRecord: 0.3ms)


Started GET "/assets/application.css?body=1" for 127.0.0.1 at 2016-02-05 16:47:58 +0530
Served asset /application.css - 304 Not Modified (2ms)


Started GET "/assets/posts.css?body=1" for 127.0.0.1 at 2016-02-05 16:47:58 +0530
Served asset /posts.css - 304 Not Modified (0ms)


Started GET "/assets/posts.js?body=1" for 127.0.0.1 at 2016-02-05 16:47:58 +0530
Served asset /posts.js - 304 Not Modified (0ms)


Started GET "/assets/jquery_ujs.js?body=1" for 127.0.0.1 at 2016-02-05 16:47:58 +0530
Served asset /jquery_ujs.js - 304 Not Modified (0ms)


Started GET "/assets/scaffolds.css?body=1" for 127.0.0.1 at 2016-02-05 16:47:58 +0530
Served asset /scaffolds.css - 304 Not Modified (0ms)


Started GET "/assets/jquery.js?body=1" for 127.0.0.1 at 2016-02-05 16:47:58 +0530
Served asset /jquery.js - 304 Not Modified (1ms)


Started GET "/assets/application.js?body=1" for 127.0.0.1 at 2016-02-05 16:47:58 +0530
Served asset /application.js - 304 Not Modified (1ms)


Started GET "/posts/new" for 127.0.0.1 at 2016-02-05 16:48:00 +0530
Processing by PostsController#new as HTML
  Rendered posts/_form.html.erb (3.6ms)
  Rendered posts/new.html.erb within layouts/application (4.8ms)
Completed 200 OK in 13.3ms (Views: 12.9ms | ActiveRecord: 0.0ms)


Started GET "/assets/application.css?body=1" for 127.0.0.1 at 2016-02-05 16:48:00 +0530
Served asset /application.css - 304 Not Modified (0ms)


Started GET "/assets/application.js?body=1" for 127.0.0.1 at 2016-02-05 16:48:00 +0530
Served asset /application.js - 304 Not Modified (12ms)


Started GET "/assets/posts.css?body=1" for 127.0.0.1 at 2016-02-05 16:48:00 +0530
Served asset /posts.css - 304 Not Modified (0ms)


Started GET "/assets/scaffolds.css?body=1" for 127.0.0.1 at 2016-02-05 16:48:00 +0530
Served asset /scaffolds.css - 304 Not Modified (0ms)


Started GET "/assets/jquery.js?body=1" for 127.0.0.1 at 2016-02-05 16:48:00 +0530
Served asset /jquery.js - 304 Not Modified (1ms)


Started GET "/assets/posts.js?body=1" for 127.0.0.1 at 2016-02-05 16:48:00 +0530
Served asset /posts.js - 304 Not Modified (0ms)


Started GET "/assets/jquery_ujs.js?body=1" for 127.0.0.1 at 2016-02-05 16:48:00 +0530
Served asset /jquery_ujs.js - 304 Not Modified (0ms)
Connecting to database specified by database.yml
  [1m[36m (1.3ms)[0m  [1mSELECT "schema_migrations"."version" FROM "schema_migrations" [0m
Migrating to CreatePosts (20160205090418)
  [1m[35m (0.1ms)[0m  select sqlite_version(*)
  [1m[36m (0.1ms)[0m  [1mSELECT "schema_migrations"."version" FROM "schema_migrations" [0m


Started GET "/posts" for 127.0.0.1 at 2016-02-05 16:48:16 +0530
Connecting to database specified by database.yml
Processing by PostsController#index as HTML
  [1m[36mPost Load (0.1ms)[0m  [1mSELECT "posts".* FROM "posts" [0m
  Rendered posts/_post.html.erb (23.3ms)
  Rendered posts/index.html.erb within layouts/application (30.5ms)
Completed 200 OK in 115.7ms (Views: 73.0ms | ActiveRecord: 2.2ms)


Started GET "/assets/application.css?body=1" for 127.0.0.1 at 2016-02-05 16:48:17 +0530
Served asset /application.css - 304 Not Modified (15ms)


Started GET "/assets/jquery_ujs.js?body=1" for 127.0.0.1 at 2016-02-05 16:48:17 +0530
Served asset /jquery_ujs.js - 304 Not Modified (3ms)


Started GET "/assets/jquery.js?body=1" for 127.0.0.1 at 2016-02-05 16:48:17 +0530
Served asset /jquery.js - 304 Not Modified (5ms)


Started GET "/assets/posts.css?body=1" for 127.0.0.1 at 2016-02-05 16:48:17 +0530
Served asset /posts.css - 304 Not Modified (1ms)


Started GET "/assets/scaffolds.css?body=1" for 127.0.0.1 at 2016-02-05 16:48:17 +0530
Served asset /scaffolds.css - 304 Not Modified (2ms)


Started GET "/assets/posts.js?body=1" for 127.0.0.1 at 2016-02-05 16:48:17 +0530
Served asset /posts.js - 304 Not Modified (1ms)


Started GET "/assets/application.js?body=1" for 127.0.0.1 at 2016-02-05 16:48:17 +0530
Served asset /application.js - 304 Not Modified (6ms)


Started GET "/posts/new" for 127.0.0.1 at 2016-02-05 16:48:20 +0530
Processing by PostsController#new as HTML
  Rendered posts/_form.html.erb (11.0ms)
  Rendered posts/new.html.erb within layouts/application (13.9ms)
Completed 200 OK in 25.8ms (Views: 24.6ms | ActiveRecord: 0.0ms)


Started GET "/assets/application.css?body=1" for 127.0.0.1 at 2016-02-05 16:48:20 +0530
Served asset /application.css - 304 Not Modified (0ms)


Started GET "/assets/posts.css?body=1" for 127.0.0.1 at 2016-02-05 16:48:20 +0530
Served asset /posts.css - 304 Not Modified (0ms)


Started GET "/assets/application.js?body=1" for 127.0.0.1 at 2016-02-05 16:48:20 +0530
Served asset /application.js - 304 Not Modified (3ms)


Started GET "/assets/jquery.js?body=1" for 127.0.0.1 at 2016-02-05 16:48:20 +0530
Served asset /jquery.js - 304 Not Modified (1ms)


Started GET "/assets/jquery_ujs.js?body=1" for 127.0.0.1 at 2016-02-05 16:48:20 +0530
Served asset /jquery_ujs.js - 304 Not Modified (0ms)


Started GET "/assets/scaffolds.css?body=1" for 127.0.0.1 at 2016-02-05 16:48:20 +0530
Served asset /scaffolds.css - 304 Not Modified (0ms)


Started GET "/assets/posts.js?body=1" for 127.0.0.1 at 2016-02-05 16:48:20 +0530
Served asset /posts.js - 304 Not Modified (0ms)


Started GET "/posts" for 127.0.0.1 at 2016-02-05 16:48:31 +0530
Processing by PostsController#index as HTML
  [1m[35mPost Load (0.2ms)[0m  SELECT "posts".* FROM "posts" 
  Rendered posts/_post.html.erb (0.9ms)
  Rendered posts/index.html.erb within layouts/application (1.9ms)
Completed 200 OK in 9.6ms (Views: 8.2ms | ActiveRecord: 0.2ms)


Started GET "/assets/application.css?body=1" for 127.0.0.1 at 2016-02-05 16:48:31 +0530
Served asset /application.css - 304 Not Modified (16ms)


Started GET "/assets/jquery.js?body=1" for 127.0.0.1 at 2016-02-05 16:48:31 +0530
Served asset /jquery.js - 304 Not Modified (1ms)


Started GET "/assets/scaffolds.css?body=1" for 127.0.0.1 at 2016-02-05 16:48:31 +0530
Served asset /scaffolds.css - 304 Not Modified (0ms)


Started GET "/assets/jquery_ujs.js?body=1" for 127.0.0.1 at 2016-02-05 16:48:31 +0530
Served asset /jquery_ujs.js - 304 Not Modified (0ms)


Started GET "/assets/posts.css?body=1" for 127.0.0.1 at 2016-02-05 16:48:31 +0530
Served asset /posts.css - 304 Not Modified (0ms)


Started GET "/assets/posts.js?body=1" for 127.0.0.1 at 2016-02-05 16:48:31 +0530
Served asset /posts.js - 304 Not Modified (0ms)


Started GET "/assets/application.js?body=1" for 127.0.0.1 at 2016-02-05 16:48:31 +0530
Served asset /application.js - 304 Not Modified (21ms)


Started GET "/posts/new" for 127.0.0.1 at 2016-02-05 16:48:33 +0530
Processing by PostsController#new as HTML
  Rendered posts/_form.html.erb (6.0ms)
  Rendered posts/new.html.erb within layouts/application (8.1ms)
Completed 200 OK in 22.9ms (Views: 21.6ms | ActiveRecord: 0.0ms)


Started GET "/assets/application.css?body=1" for 127.0.0.1 at 2016-02-05 16:48:33 +0530
Served asset /application.css - 304 Not Modified (0ms)


Started GET "/assets/jquery_ujs.js?body=1" for 127.0.0.1 at 2016-02-05 16:48:33 +0530
Served asset /jquery_ujs.js - 304 Not Modified (0ms)


Started GET "/assets/application.js?body=1" for 127.0.0.1 at 2016-02-05 16:48:33 +0530
Served asset /application.js - 304 Not Modified (1ms)


Started GET "/assets/posts.js?body=1" for 127.0.0.1 at 2016-02-05 16:48:33 +0530
Served asset /posts.js - 304 Not Modified (0ms)


Started GET "/assets/posts.css?body=1" for 127.0.0.1 at 2016-02-05 16:48:33 +0530
Served asset /posts.css - 304 Not Modified (0ms)


Started GET "/assets/scaffolds.css?body=1" for 127.0.0.1 at 2016-02-05 16:48:33 +0530
Served asset /scaffolds.css - 304 Not Modified (0ms)


Started GET "/assets/jquery.js?body=1" for 127.0.0.1 at 2016-02-05 16:48:33 +0530
Served asset /jquery.js - 304 Not Modified (1ms)
Connecting to database specified by database.yml
Connecting to database specified by database.yml
  [1m[36m (1.2ms)[0m  [1mSELECT "schema_migrations"."version" FROM "schema_migrations" [0m
Migrating to CreatePosts (20160205090418)
Migrating to CreateComments (20160205111951)
  [1m[35m (0.1ms)[0m  select sqlite_version(*)
  [1m[36m (0.0ms)[0m  [1mbegin transaction[0m
  [1m[35m (0.4ms)[0m  CREATE TABLE "comments" ("id" INTEGER PRIMARY KEY AUTOINCREMENT NOT NULL, "post_id" integer, "body" text, "created_at" datetime NOT NULL, "updated_at" datetime NOT NULL) 
  [1m[36m (0.2ms)[0m  [1mCREATE INDEX "index_comments_on_post_id" ON "comments" ("post_id")[0m
  [1m[35m (0.1ms)[0m  INSERT INTO "schema_migrations" ("version") VALUES ('20160205111951')
  [1m[36m (102.5ms)[0m  [1mcommit transaction[0m
  [1m[35m (0.3ms)[0m  SELECT "schema_migrations"."version" FROM "schema_migrations" 
Connecting to database specified by database.yml
Connecting to database specified by database.yml
Connecting to database specified by database.yml
Connecting to database specified by database.yml
  [1m[36m (15.8ms)[0m  [1mSELECT "schema_migrations"."version" FROM "schema_migrations" [0m
Migrating to CreatePosts (20160205090418)
Migrating to CreateComments (20160205111951)
  [1m[35m (0.1ms)[0m  select sqlite_version(*)
  [1m[36m (0.1ms)[0m  [1mSELECT "schema_migrations"."version" FROM "schema_migrations" [0m


Started GET "/posts" for 127.0.0.1 at 2016-02-05 18:51:24 +0530
Connecting to database specified by database.yml
Processing by PostsController#index as HTML
  [1m[36mPost Load (0.1ms)[0m  [1mSELECT "posts".* FROM "posts" [0m
  Rendered posts/_post.html.erb (9.5ms)
  Rendered posts/index.html.erb within layouts/application (50.5ms)
Warning. Error encountered while saving cache /home/mugunth/blogapp/tmp/cache/sass/0252cd1da00892d6e6a6488fe7a36fb39592e83c/comments.css.scssc: can't dump anonymous class #<Class:0xa8a9684>
Compiled comments.css  (17ms)  (pid 2868)
Compiled application.css  (47ms)  (pid 2868)
Compiled comments.js  (640ms)  (pid 2868)
Compiled application.js  (682ms)  (pid 2868)
Completed 200 OK in 1208.9ms (Views: 1133.6ms | ActiveRecord: 2.8ms)


Started GET "/assets/application.css?body=1" for 127.0.0.1 at 2016-02-05 18:51:26 +0530
Served asset /application.css - 304 Not Modified (12ms)


Started GET "/assets/comments.css?body=1" for 127.0.0.1 at 2016-02-05 18:51:26 +0530
Served asset /comments.css - 200 OK (2ms)


Started GET "/assets/posts.css?body=1" for 127.0.0.1 at 2016-02-05 18:51:26 +0530
Served asset /posts.css - 304 Not Modified (6ms)


Started GET "/assets/posts.js?body=1" for 127.0.0.1 at 2016-02-05 18:51:26 +0530
Served asset /posts.js - 304 Not Modified (1ms)


Started GET "/assets/comments.js?body=1" for 127.0.0.1 at 2016-02-05 18:51:26 +0530
Served asset /comments.js - 200 OK (2ms)


Started GET "/assets/jquery_ujs.js?body=1" for 127.0.0.1 at 2016-02-05 18:51:26 +0530
Served asset /jquery_ujs.js - 304 Not Modified (2ms)


Started GET "/assets/scaffolds.css?body=1" for 127.0.0.1 at 2016-02-05 18:51:26 +0530
Served asset /scaffolds.css - 304 Not Modified (3ms)


Started GET "/assets/jquery.js?body=1" for 127.0.0.1 at 2016-02-05 18:51:26 +0530
Served asset /jquery.js - 304 Not Modified (4ms)


Started GET "/assets/application.js?body=1" for 127.0.0.1 at 2016-02-05 18:51:26 +0530
Served asset /application.js - 304 Not Modified (11ms)


Started GET "/posts/1" for 127.0.0.1 at 2016-02-05 18:51:30 +0530
Processing by PostsController#show as HTML
  Parameters: {"id"=>"1"}
  [1m[35mPost Load (0.4ms)[0m  SELECT "posts".* FROM "posts" WHERE "posts"."id" = ? LIMIT 1  [["id", "1"]]
  Rendered posts/_post.html.erb (1.5ms)
  [1m[36mComment Load (0.2ms)[0m  [1mSELECT "comments".* FROM "comments" WHERE "comments"."post_id" = 1[0m
  Rendered collection (0.0ms)
  Rendered posts/show.html.erb within layouts/application (134.3ms)
Completed 200 OK in 146.4ms (Views: 141.2ms | ActiveRecord: 1.2ms)


Started GET "/assets/application.css?body=1" for 127.0.0.1 at 2016-02-05 18:51:30 +0530
Served asset /application.css - 304 Not Modified (11ms)


Started GET "/assets/jquery_ujs.js?body=1" for 127.0.0.1 at 2016-02-05 18:51:30 +0530
Served asset /jquery_ujs.js - 304 Not Modified (0ms)


Started GET "/assets/jquery.js?body=1" for 127.0.0.1 at 2016-02-05 18:51:30 +0530
Served asset /jquery.js - 304 Not Modified (1ms)


Started GET "/assets/scaffolds.css?body=1" for 127.0.0.1 at 2016-02-05 18:51:30 +0530
Served asset /scaffolds.css - 304 Not Modified (0ms)


Started GET "/assets/posts.css?body=1" for 127.0.0.1 at 2016-02-05 18:51:30 +0530
Served asset /posts.css - 304 Not Modified (0ms)


Started GET "/assets/posts.js?body=1" for 127.0.0.1 at 2016-02-05 18:51:30 +0530
Served asset /posts.js - 304 Not Modified (0ms)


Started GET "/assets/application.js?body=1" for 127.0.0.1 at 2016-02-05 18:51:30 +0530
Served asset /application.js - 304 Not Modified (1ms)


Started GET "/posts/1" for 127.0.0.1 at 2016-02-05 18:53:49 +0530
Processing by PostsController#show as HTML
  Parameters: {"id"=>"1"}
  [1m[35mPost Load (0.2ms)[0m  SELECT "posts".* FROM "posts" WHERE "posts"."id" = ? LIMIT 1  [["id", "1"]]
  Rendered posts/_post.html.erb (0.9ms)
  [1m[36mComment Load (0.3ms)[0m  [1mSELECT "comments".* FROM "comments" WHERE "comments"."post_id" = 1[0m
  Rendered collection (0.0ms)
  Rendered posts/show.html.erb within layouts/application (6.7ms)
Completed 200 OK in 19.1ms (Views: 16.4ms | ActiveRecord: 0.5ms)


Started GET "/assets/application.css?body=1" for 127.0.0.1 at 2016-02-05 18:53:49 +0530
Served asset /application.css - 304 Not Modified (9ms)


Started GET "/assets/scaffolds.css?body=1" for 127.0.0.1 at 2016-02-05 18:53:49 +0530
Served asset /scaffolds.css - 304 Not Modified (0ms)


Started GET "/assets/posts.css?body=1" for 127.0.0.1 at 2016-02-05 18:53:49 +0530
Served asset /posts.css - 304 Not Modified (0ms)


Started GET "/assets/posts.js?body=1" for 127.0.0.1 at 2016-02-05 18:53:49 +0530
Served asset /posts.js - 304 Not Modified (0ms)


Started GET "/assets/jquery.js?body=1" for 127.0.0.1 at 2016-02-05 18:53:49 +0530
Served asset /jquery.js - 304 Not Modified (3ms)


Started GET "/assets/jquery_ujs.js?body=1" for 127.0.0.1 at 2016-02-05 18:53:49 +0530
Served asset /jquery_ujs.js - 304 Not Modified (0ms)


Started GET "/assets/application.js?body=1" for 127.0.0.1 at 2016-02-05 18:53:49 +0530
Served asset /application.js - 304 Not Modified (1ms)
Connecting to database specified by database.yml


Started GET "/posts" for 127.0.0.1 at 2016-02-06 10:38:26 +0530
Processing by PostsController#index as HTML
  [1m[36mPost Load (0.1ms)[0m  [1mSELECT "posts".* FROM "posts" [0m
  Rendered posts/_post.html.erb (9.6ms)
  Rendered posts/index.html.erb within layouts/application (31.9ms)
Completed 200 OK in 433ms (Views: 371.8ms | ActiveRecord: 17.7ms)


Started GET "/assets/jquery_ujs.js?body=1" for 127.0.0.1 at 2016-02-06 10:38:26 +0530
Served asset /jquery_ujs.js - 304 Not Modified (2ms)


Started GET "/assets/jquery.js?body=1" for 127.0.0.1 at 2016-02-06 10:38:26 +0530
Served asset /jquery.js - 304 Not Modified (4ms)


Started GET "/assets/posts.css?body=1" for 127.0.0.1 at 2016-02-06 10:38:26 +0530
Served asset /posts.css - 304 Not Modified (1ms)


Started GET "/assets/scaffolds.css?body=1" for 127.0.0.1 at 2016-02-06 10:38:26 +0530
Served asset /scaffolds.css - 304 Not Modified (2ms)


Started GET "/assets/comments.css?body=1" for 127.0.0.1 at 2016-02-06 10:38:26 +0530
Served asset /comments.css - 304 Not Modified (1ms)


Started GET "/assets/application.css?body=1" for 127.0.0.1 at 2016-02-06 10:38:26 +0530
Served asset /application.css - 304 Not Modified (6ms)


Started GET "/assets/application.js?body=1" for 127.0.0.1 at 2016-02-06 10:38:27 +0530
Served asset /application.js - 304 Not Modified (13ms)


Started GET "/assets/posts.js?body=1" for 127.0.0.1 at 2016-02-06 10:38:27 +0530
Served asset /posts.js - 304 Not Modified (1ms)


Started GET "/assets/comments.js?body=1" for 127.0.0.1 at 2016-02-06 10:38:27 +0530
Served asset /comments.js - 304 Not Modified (1ms)


Started GET "/posts/1" for 127.0.0.1 at 2016-02-06 10:38:29 +0530
Processing by PostsController#show as HTML
  Parameters: {"id"=>"1"}
  [1m[35mPost Load (0.3ms)[0m  SELECT "posts".* FROM "posts" WHERE "posts"."id" = ? LIMIT 1  [["id", "1"]]
  Rendered posts/_post.html.erb (1.1ms)
  [1m[36mComment Load (0.1ms)[0m  [1mSELECT "comments".* FROM "comments" WHERE "comments"."post_id" = 1[0m
  Rendered collection (0.0ms)
  Rendered posts/show.html.erb within layouts/application (64.1ms)
Completed 200 OK in 89ms (Views: 85.3ms | ActiveRecord: 0.9ms)


Started GET "/assets/scaffolds.css?body=1" for 127.0.0.1 at 2016-02-06 10:38:29 +0530
Served asset /scaffolds.css - 304 Not Modified (0ms)


Started GET "/assets/jquery.js?body=1" for 127.0.0.1 at 2016-02-06 10:38:29 +0530
Served asset /jquery.js - 304 Not Modified (1ms)


Started GET "/assets/jquery_ujs.js?body=1" for 127.0.0.1 at 2016-02-06 10:38:29 +0530
Served asset /jquery_ujs.js - 304 Not Modified (0ms)


Started GET "/assets/comments.css?body=1" for 127.0.0.1 at 2016-02-06 10:38:29 +0530
Served asset /comments.css - 304 Not Modified (0ms)


Started GET "/assets/application.css?body=1" for 127.0.0.1 at 2016-02-06 10:38:29 +0530
Served asset /application.css - 304 Not Modified (0ms)


Started GET "/assets/posts.css?body=1" for 127.0.0.1 at 2016-02-06 10:38:29 +0530
Served asset /posts.css - 304 Not Modified (0ms)


Started GET "/assets/application.js?body=1" for 127.0.0.1 at 2016-02-06 10:38:29 +0530
Served asset /application.js - 304 Not Modified (4ms)


Started GET "/assets/comments.js?body=1" for 127.0.0.1 at 2016-02-06 10:38:29 +0530
Served asset /comments.js - 304 Not Modified (0ms)


Started GET "/assets/posts.js?body=1" for 127.0.0.1 at 2016-02-06 10:38:29 +0530
Served asset /posts.js - 304 Not Modified (0ms)


Started GET "/posts/new" for 127.0.0.1 at 2016-02-06 10:38:35 +0530
Processing by PostsController#new as HTML
Filter chain halted as :authenticate rendered or redirected
Completed 401 Unauthorized in 1ms (ActiveRecord: 0.0ms)
